[2024-08-03T13:39:27.412+0000] {manager.py:470} INFO - Processing files using up to 2 processes at a time 
[2024-08-03T13:39:27.415+0000] {manager.py:471} INFO - Process each file at most once every 30 seconds
[2024-08-03T13:39:27.415+0000] {manager.py:472} INFO - Checking for new files in /opt/airflow/dags every 300 seconds
[2024-08-03T13:39:27.416+0000] {manager.py:737} INFO - Searching for files in /opt/airflow/dags
[2024-08-03T13:39:27.417+0000] {manager.py:470} INFO - Processing files using up to 2 processes at a time 
[2024-08-03T13:39:27.419+0000] {manager.py:740} INFO - There are 0 files in /opt/airflow/dags
[2024-08-03T13:39:27.418+0000] {manager.py:471} INFO - Process each file at most once every 30 seconds
[2024-08-03T13:39:27.422+0000] {manager.py:472} INFO - Checking for new files in /opt/airflow/dags every 300 seconds
[2024-08-03T13:39:27.423+0000] {manager.py:737} INFO - Searching for files in /opt/airflow/dags
[2024-08-03T13:39:27.425+0000] {manager.py:740} INFO - There are 0 files in /opt/airflow/dags
[2024-08-03T13:55:13.032+0000] {manager.py:737} INFO - Searching for files in /opt/airflow/dags
[2024-08-03T13:55:13.031+0000] {manager.py:737} INFO - Searching for files in /opt/airflow/dags
[2024-08-03T13:55:13.046+0000] {manager.py:740} INFO - There are 0 files in /opt/airflow/dags
[2024-08-03T13:55:13.046+0000] {manager.py:740} INFO - There are 0 files in /opt/airflow/dags
[2024-08-03T14:00:13.047+0000] {manager.py:737} INFO - Searching for files in /opt/airflow/dags
[2024-08-03T14:00:13.046+0000] {manager.py:737} INFO - Searching for files in /opt/airflow/dags
[2024-08-03T14:00:13.060+0000] {manager.py:740} INFO - There are 0 files in /opt/airflow/dags
[2024-08-03T14:00:13.060+0000] {manager.py:740} INFO - There are 0 files in /opt/airflow/dags
[2024-08-03T14:05:13.118+0000] {manager.py:737} INFO - Searching for files in /opt/airflow/dags
[2024-08-03T14:05:13.124+0000] {manager.py:737} INFO - Searching for files in /opt/airflow/dags
[2024-08-03T14:05:13.130+0000] {manager.py:740} INFO - There are 0 files in /opt/airflow/dags
[2024-08-03T14:05:13.132+0000] {manager.py:740} INFO - There are 0 files in /opt/airflow/dags
[2024-08-03T14:10:13.270+0000] {manager.py:737} INFO - Searching for files in /opt/airflow/dags
[2024-08-03T14:10:13.270+0000] {manager.py:737} INFO - Searching for files in /opt/airflow/dags
[2024-08-03T14:10:13.282+0000] {manager.py:740} INFO - There are 0 files in /opt/airflow/dags
[2024-08-03T14:10:13.282+0000] {manager.py:740} INFO - There are 0 files in /opt/airflow/dags
[2024-08-03T14:15:13.485+0000] {manager.py:737} INFO - Searching for files in /opt/airflow/dags
[2024-08-03T14:15:13.486+0000] {manager.py:737} INFO - Searching for files in /opt/airflow/dags
[2024-08-03T14:15:13.524+0000] {manager.py:740} INFO - There are 0 files in /opt/airflow/dags
[2024-08-03T14:15:13.526+0000] {manager.py:740} INFO - There are 0 files in /opt/airflow/dags
[2024-08-03T14:20:13.525+0000] {manager.py:737} INFO - Searching for files in /opt/airflow/dags
[2024-08-03T14:20:13.526+0000] {manager.py:737} INFO - Searching for files in /opt/airflow/dags
[2024-08-03T14:20:13.537+0000] {manager.py:740} INFO - There are 0 files in /opt/airflow/dags
[2024-08-03T14:20:13.538+0000] {manager.py:740} INFO - There are 0 files in /opt/airflow/dags
[2024-08-03T14:25:13.661+0000] {manager.py:737} INFO - Searching for files in /opt/airflow/dags
[2024-08-03T14:25:13.659+0000] {manager.py:737} INFO - Searching for files in /opt/airflow/dags
[2024-08-03T14:25:13.684+0000] {manager.py:740} INFO - There are 0 files in /opt/airflow/dags
[2024-08-03T14:25:13.685+0000] {manager.py:740} INFO - There are 0 files in /opt/airflow/dags
[2024-08-03T14:30:14.172+0000] {manager.py:737} INFO - Searching for files in /opt/airflow/dags
[2024-08-03T14:30:14.172+0000] {manager.py:737} INFO - Searching for files in /opt/airflow/dags
[2024-08-03T14:30:14.187+0000] {manager.py:740} INFO - There are 0 files in /opt/airflow/dags
[2024-08-03T14:30:14.189+0000] {manager.py:740} INFO - There are 0 files in /opt/airflow/dags
[2024-08-03T14:35:14.549+0000] {manager.py:737} INFO - Searching for files in /opt/airflow/dags
[2024-08-03T14:35:14.548+0000] {manager.py:737} INFO - Searching for files in /opt/airflow/dags
[2024-08-03T14:35:14.556+0000] {manager.py:740} INFO - There are 0 files in /opt/airflow/dags
[2024-08-03T14:35:14.556+0000] {manager.py:740} INFO - There are 0 files in /opt/airflow/dags
[2024-08-03T14:40:14.745+0000] {manager.py:737} INFO - Searching for files in /opt/airflow/dags
[2024-08-03T14:40:14.745+0000] {manager.py:737} INFO - Searching for files in /opt/airflow/dags
[2024-08-03T14:40:14.755+0000] {manager.py:740} INFO - There are 0 files in /opt/airflow/dags
[2024-08-03T14:40:14.755+0000] {manager.py:740} INFO - There are 0 files in /opt/airflow/dags
[2024-08-03T14:45:15.517+0000] {manager.py:737} INFO - Searching for files in /opt/airflow/dags
[2024-08-03T14:45:15.517+0000] {manager.py:737} INFO - Searching for files in /opt/airflow/dags
[2024-08-03T14:45:15.527+0000] {manager.py:740} INFO - There are 0 files in /opt/airflow/dags
[2024-08-03T14:45:15.527+0000] {manager.py:740} INFO - There are 0 files in /opt/airflow/dags
[2024-08-03T14:50:15.815+0000] {manager.py:737} INFO - Searching for files in /opt/airflow/dags
[2024-08-03T14:50:15.811+0000] {manager.py:737} INFO - Searching for files in /opt/airflow/dags
[2024-08-03T14:50:15.826+0000] {manager.py:740} INFO - There are 0 files in /opt/airflow/dags
[2024-08-03T14:50:15.826+0000] {manager.py:740} INFO - There are 0 files in /opt/airflow/dags
[2024-08-03T14:55:16.200+0000] {manager.py:737} INFO - Searching for files in /opt/airflow/dags
[2024-08-03T14:55:16.199+0000] {manager.py:737} INFO - Searching for files in /opt/airflow/dags
[2024-08-03T14:55:16.211+0000] {manager.py:740} INFO - There are 0 files in /opt/airflow/dags
[2024-08-03T14:55:16.211+0000] {manager.py:740} INFO - There are 0 files in /opt/airflow/dags
[2024-08-03T15:00:15.172+0000] {manager.py:470} INFO - Processing files using up to 2 processes at a time 
[2024-08-03T15:00:15.173+0000] {manager.py:471} INFO - Process each file at most once every 30 seconds
[2024-08-03T15:00:15.173+0000] {manager.py:472} INFO - Checking for new files in /opt/airflow/dags every 300 seconds
[2024-08-03T15:00:15.174+0000] {manager.py:737} INFO - Searching for files in /opt/airflow/dags
[2024-08-03T15:00:15.178+0000] {manager.py:740} INFO - There are 1 files in /opt/airflow/dags
[2024-08-03T15:00:15.485+0000] {manager.py:878} INFO - 
================================================================================
DAG File Processing Stats

File Path                             PID  Runtime      # DAGs    # Errors  Last Runtime    Last Run
----------------------------------  -----  ---------  --------  ----------  --------------  ----------
/opt/airflow/dags/etl_toll_data.py    177  0.17s             0           0
================================================================================
[2024-08-03T15:00:16.318+0000] {manager.py:470} INFO - Processing files using up to 2 processes at a time 
[2024-08-03T15:00:16.319+0000] {manager.py:471} INFO - Process each file at most once every 30 seconds
[2024-08-03T15:00:16.320+0000] {manager.py:472} INFO - Checking for new files in /opt/airflow/dags every 300 seconds
[2024-08-03T15:00:16.321+0000] {manager.py:737} INFO - Searching for files in /opt/airflow/dags
[2024-08-03T15:00:16.328+0000] {manager.py:740} INFO - There are 1 files in /opt/airflow/dags
[2024-08-03T15:00:16.447+0000] {manager.py:878} INFO - 
================================================================================
DAG File Processing Stats

File Path                             PID  Runtime      # DAGs    # Errors  Last Runtime    Last Run
----------------------------------  -----  ---------  --------  ----------  --------------  ----------
/opt/airflow/dags/etl_toll_data.py    178  0.06s             0           0
================================================================================
[2024-08-03T15:00:45.873+0000] {manager.py:878} INFO - 
================================================================================
DAG File Processing Stats

File Path                             PID  Runtime      # DAGs    # Errors  Last Runtime    Last Run
----------------------------------  -----  ---------  --------  ----------  --------------  -------------------
/opt/airflow/dags/etl_toll_data.py    208  0.03s             1           0  0.30s           2024-08-03T15:00:15
================================================================================
[2024-08-03T15:00:46.810+0000] {manager.py:878} INFO - 
================================================================================
DAG File Processing Stats

File Path                             PID  Runtime      # DAGs    # Errors  Last Runtime    Last Run
----------------------------------  -----  ---------  --------  ----------  --------------  -------------------
/opt/airflow/dags/etl_toll_data.py    208  0.01s             1           0  0.14s           2024-08-03T15:00:16
================================================================================
[2024-08-03T15:01:16.255+0000] {manager.py:878} INFO - 
================================================================================
DAG File Processing Stats

File Path                             PID  Runtime      # DAGs    # Errors  Last Runtime    Last Run
----------------------------------  -----  ---------  --------  ----------  --------------  -------------------
/opt/airflow/dags/etl_toll_data.py    219  0.02s             1           0  0.21s           2024-08-03T15:00:46
================================================================================
[2024-08-03T15:01:17.210+0000] {manager.py:878} INFO - 
================================================================================
DAG File Processing Stats

File Path                             PID  Runtime      # DAGs    # Errors  Last Runtime    Last Run
----------------------------------  -----  ---------  --------  ----------  --------------  -------------------
/opt/airflow/dags/etl_toll_data.py    219  0.01s             1           0  0.09s           2024-08-03T15:00:46
================================================================================
[2024-08-03T15:01:46.723+0000] {manager.py:878} INFO - 
================================================================================
DAG File Processing Stats

File Path                             PID  Runtime      # DAGs    # Errors  Last Runtime    Last Run
----------------------------------  -----  ---------  --------  ----------  --------------  -------------------
/opt/airflow/dags/etl_toll_data.py    230  0.03s             1           0  0.14s           2024-08-03T15:01:16
================================================================================
[2024-08-03T15:01:47.549+0000] {manager.py:878} INFO - 
================================================================================
DAG File Processing Stats

File Path                             PID  Runtime      # DAGs    # Errors  Last Runtime    Last Run
----------------------------------  -----  ---------  --------  ----------  --------------  -------------------
/opt/airflow/dags/etl_toll_data.py    230  0.01s             1           0  0.12s           2024-08-03T15:01:17
================================================================================
[2024-08-03T15:02:17.155+0000] {manager.py:878} INFO - 
================================================================================
DAG File Processing Stats

File Path                             PID  Runtime      # DAGs    # Errors  Last Runtime    Last Run
----------------------------------  -----  ---------  --------  ----------  --------------  -------------------
/opt/airflow/dags/etl_toll_data.py    241  0.02s             1           0  0.18s           2024-08-03T15:01:46
================================================================================
[2024-08-03T15:02:17.945+0000] {manager.py:878} INFO - 
================================================================================
DAG File Processing Stats

File Path                             PID  Runtime      # DAGs    # Errors  Last Runtime    Last Run
----------------------------------  -----  ---------  --------  ----------  --------------  -------------------
/opt/airflow/dags/etl_toll_data.py    241  0.01s             1           0  0.12s           2024-08-03T15:01:47
================================================================================
[2024-08-03T15:02:47.564+0000] {manager.py:878} INFO - 
================================================================================
DAG File Processing Stats

File Path                             PID  Runtime      # DAGs    # Errors  Last Runtime    Last Run
----------------------------------  -----  ---------  --------  ----------  --------------  -------------------
/opt/airflow/dags/etl_toll_data.py    252  0.03s             1           0  0.14s           2024-08-03T15:02:17
================================================================================
[2024-08-03T15:02:48.355+0000] {manager.py:878} INFO - 
================================================================================
DAG File Processing Stats

File Path                             PID  Runtime      # DAGs    # Errors  Last Runtime    Last Run
----------------------------------  -----  ---------  --------  ----------  --------------  -------------------
/opt/airflow/dags/etl_toll_data.py    252  0.02s             1           0  0.10s           2024-08-03T15:02:18
================================================================================
[2024-08-03T15:03:17.919+0000] {manager.py:878} INFO - 
================================================================================
DAG File Processing Stats

File Path                             PID  Runtime      # DAGs    # Errors  Last Runtime    Last Run
----------------------------------  -----  ---------  --------  ----------  --------------  -------------------
/opt/airflow/dags/etl_toll_data.py    263  0.03s             1           0  0.17s           2024-08-03T15:02:47
================================================================================
[2024-08-03T15:03:18.724+0000] {manager.py:878} INFO - 
================================================================================
DAG File Processing Stats

File Path                             PID  Runtime      # DAGs    # Errors  Last Runtime    Last Run
----------------------------------  -----  ---------  --------  ----------  --------------  -------------------
/opt/airflow/dags/etl_toll_data.py    263  0.01s             1           0  0.12s           2024-08-03T15:02:48
================================================================================
[2024-08-03T15:03:48.301+0000] {manager.py:878} INFO - 
================================================================================
DAG File Processing Stats

File Path                             PID  Runtime      # DAGs    # Errors  Last Runtime    Last Run
----------------------------------  -----  ---------  --------  ----------  --------------  -------------------
/opt/airflow/dags/etl_toll_data.py    274  0.03s             1           0  0.16s           2024-08-03T15:03:18
================================================================================
[2024-08-03T15:03:49.061+0000] {manager.py:878} INFO - 
================================================================================
DAG File Processing Stats

File Path                             PID  Runtime      # DAGs    # Errors  Last Runtime    Last Run
----------------------------------  -----  ---------  --------  ----------  --------------  -------------------
/opt/airflow/dags/etl_toll_data.py    274  0.01s             1           0  0.12s           2024-08-03T15:03:18
================================================================================
[2024-08-03T15:04:18.705+0000] {manager.py:878} INFO - 
================================================================================
DAG File Processing Stats

File Path                             PID  Runtime      # DAGs    # Errors  Last Runtime    Last Run
----------------------------------  -----  ---------  --------  ----------  --------------  -------------------
/opt/airflow/dags/etl_toll_data.py    285  0.02s             1           0  0.16s           2024-08-03T15:03:48
================================================================================
[2024-08-03T15:04:19.431+0000] {manager.py:878} INFO - 
================================================================================
DAG File Processing Stats

File Path                             PID  Runtime      # DAGs    # Errors  Last Runtime    Last Run
----------------------------------  -----  ---------  --------  ----------  --------------  -------------------
/opt/airflow/dags/etl_toll_data.py    285  0.01s             1           0  0.11s           2024-08-03T15:03:49
================================================================================
[2024-08-03T15:07:20.559+0000] {manager.py:737} INFO - Searching for files in /opt/airflow/dags
[2024-08-03T15:07:20.569+0000] {manager.py:737} INFO - Searching for files in /opt/airflow/dags
[2024-08-03T15:07:20.581+0000] {manager.py:740} INFO - There are 1 files in /opt/airflow/dags
[2024-08-03T15:07:20.591+0000] {manager.py:740} INFO - There are 1 files in /opt/airflow/dags
[2024-08-03T15:07:26.066+0000] {manager.py:878} INFO - 
================================================================================
DAG File Processing Stats

File Path                           PID    Runtime      # DAGs    # Errors  Last Runtime    Last Run
----------------------------------  -----  ---------  --------  ----------  --------------  -------------------
/opt/airflow/dags/etl_toll_data.py                           1           0  0.36s           2024-08-03T15:07:20
================================================================================
[2024-08-03T15:07:26.066+0000] {manager.py:878} INFO - 
================================================================================
DAG File Processing Stats

File Path                           PID    Runtime      # DAGs    # Errors  Last Runtime    Last Run
----------------------------------  -----  ---------  --------  ----------  --------------  -------------------
/opt/airflow/dags/etl_toll_data.py                           1           0  0.34s           2024-08-03T15:07:20
================================================================================
[2024-08-03T15:07:56.696+0000] {manager.py:878} INFO - 
================================================================================
DAG File Processing Stats

File Path                           PID    Runtime      # DAGs    # Errors  Last Runtime    Last Run
----------------------------------  -----  ---------  --------  ----------  --------------  -------------------
/opt/airflow/dags/etl_toll_data.py                           1           0  0.30s           2024-08-03T15:07:51
================================================================================
[2024-08-03T15:07:56.698+0000] {manager.py:878} INFO - 
================================================================================
DAG File Processing Stats

File Path                           PID    Runtime      # DAGs    # Errors  Last Runtime    Last Run
----------------------------------  -----  ---------  --------  ----------  --------------  -------------------
/opt/airflow/dags/etl_toll_data.py                           1           0  0.23s           2024-08-03T15:07:51
================================================================================
[2024-08-03T15:08:27.206+0000] {manager.py:878} INFO - 
================================================================================
DAG File Processing Stats

File Path                           PID    Runtime      # DAGs    # Errors  Last Runtime    Last Run
----------------------------------  -----  ---------  --------  ----------  --------------  -------------------
/opt/airflow/dags/etl_toll_data.py                           1           0  0.18s           2024-08-03T15:08:22
================================================================================
[2024-08-03T15:08:27.207+0000] {manager.py:878} INFO - 
================================================================================
DAG File Processing Stats

File Path                           PID    Runtime      # DAGs    # Errors  Last Runtime    Last Run
----------------------------------  -----  ---------  --------  ----------  --------------  -------------------
/opt/airflow/dags/etl_toll_data.py                           1           0  0.20s           2024-08-03T15:08:22
================================================================================
[2024-08-03T15:08:57.705+0000] {manager.py:878} INFO - 
================================================================================
DAG File Processing Stats

File Path                           PID    Runtime      # DAGs    # Errors  Last Runtime    Last Run
----------------------------------  -----  ---------  --------  ----------  --------------  -------------------
/opt/airflow/dags/etl_toll_data.py                           1           0  0.19s           2024-08-03T15:08:52
================================================================================
[2024-08-03T15:08:57.706+0000] {manager.py:878} INFO - 
================================================================================
DAG File Processing Stats

File Path                           PID    Runtime      # DAGs    # Errors  Last Runtime    Last Run
----------------------------------  -----  ---------  --------  ----------  --------------  -------------------
/opt/airflow/dags/etl_toll_data.py                           1           0  0.20s           2024-08-03T15:08:52
================================================================================
[2024-08-03T15:09:28.175+0000] {manager.py:878} INFO - 
================================================================================
DAG File Processing Stats

File Path                           PID    Runtime      # DAGs    # Errors  Last Runtime    Last Run
----------------------------------  -----  ---------  --------  ----------  --------------  -------------------
/opt/airflow/dags/etl_toll_data.py                           1           0  0.19s           2024-08-03T15:09:23
================================================================================
[2024-08-03T15:09:28.175+0000] {manager.py:878} INFO - 
================================================================================
DAG File Processing Stats

File Path                           PID    Runtime      # DAGs    # Errors  Last Runtime    Last Run
----------------------------------  -----  ---------  --------  ----------  --------------  -------------------
/opt/airflow/dags/etl_toll_data.py                           1           0  0.18s           2024-08-03T15:09:23
================================================================================
[2024-08-03T15:09:58.636+0000] {manager.py:878} INFO - 
================================================================================
DAG File Processing Stats

File Path                           PID    Runtime      # DAGs    # Errors  Last Runtime    Last Run
----------------------------------  -----  ---------  --------  ----------  --------------  -------------------
/opt/airflow/dags/etl_toll_data.py                           1           0  0.20s           2024-08-03T15:09:53
================================================================================
[2024-08-03T15:09:58.638+0000] {manager.py:878} INFO - 
================================================================================
DAG File Processing Stats

File Path                           PID    Runtime      # DAGs    # Errors  Last Runtime    Last Run
----------------------------------  -----  ---------  --------  ----------  --------------  -------------------
/opt/airflow/dags/etl_toll_data.py                           1           0  0.18s           2024-08-03T15:09:53
================================================================================
[2024-08-03T15:10:29.146+0000] {manager.py:878} INFO - 
================================================================================
DAG File Processing Stats

File Path                           PID    Runtime      # DAGs    # Errors  Last Runtime    Last Run
----------------------------------  -----  ---------  --------  ----------  --------------  -------------------
/opt/airflow/dags/etl_toll_data.py                           1           0  0.22s           2024-08-03T15:10:24
================================================================================
[2024-08-03T15:10:29.148+0000] {manager.py:878} INFO - 
================================================================================
DAG File Processing Stats

File Path                           PID    Runtime      # DAGs    # Errors  Last Runtime    Last Run
----------------------------------  -----  ---------  --------  ----------  --------------  -------------------
/opt/airflow/dags/etl_toll_data.py                           1           0  0.19s           2024-08-03T15:10:24
================================================================================
[2024-08-03T15:10:59.601+0000] {manager.py:878} INFO - 
================================================================================
DAG File Processing Stats

File Path                           PID    Runtime      # DAGs    # Errors  Last Runtime    Last Run
----------------------------------  -----  ---------  --------  ----------  --------------  -------------------
/opt/airflow/dags/etl_toll_data.py                           1           0  0.20s           2024-08-03T15:10:54
================================================================================
[2024-08-03T15:10:59.602+0000] {manager.py:878} INFO - 
================================================================================
DAG File Processing Stats

File Path                           PID    Runtime      # DAGs    # Errors  Last Runtime    Last Run
----------------------------------  -----  ---------  --------  ----------  --------------  -------------------
/opt/airflow/dags/etl_toll_data.py                           1           0  0.18s           2024-08-03T15:10:54
================================================================================
[2024-08-03T15:11:30.006+0000] {manager.py:878} INFO - 
================================================================================
DAG File Processing Stats

File Path                           PID    Runtime      # DAGs    # Errors  Last Runtime    Last Run
----------------------------------  -----  ---------  --------  ----------  --------------  -------------------
/opt/airflow/dags/etl_toll_data.py                           1           0  0.20s           2024-08-03T15:11:25
================================================================================
[2024-08-03T15:11:30.006+0000] {manager.py:878} INFO - 
================================================================================
DAG File Processing Stats

File Path                           PID    Runtime      # DAGs    # Errors  Last Runtime    Last Run
----------------------------------  -----  ---------  --------  ----------  --------------  -------------------
/opt/airflow/dags/etl_toll_data.py                           1           0  0.18s           2024-08-03T15:11:25
================================================================================
[2024-08-03T15:12:00.383+0000] {manager.py:878} INFO - 
================================================================================
DAG File Processing Stats

File Path                           PID    Runtime      # DAGs    # Errors  Last Runtime    Last Run
----------------------------------  -----  ---------  --------  ----------  --------------  -------------------
/opt/airflow/dags/etl_toll_data.py                           1           0  0.22s           2024-08-03T15:11:55
================================================================================
[2024-08-03T15:12:00.384+0000] {manager.py:878} INFO - 
================================================================================
DAG File Processing Stats

File Path                           PID    Runtime      # DAGs    # Errors  Last Runtime    Last Run
----------------------------------  -----  ---------  --------  ----------  --------------  -------------------
/opt/airflow/dags/etl_toll_data.py                           1           0  0.20s           2024-08-03T15:11:55
================================================================================
[2024-08-03T15:12:20.604+0000] {manager.py:737} INFO - Searching for files in /opt/airflow/dags
[2024-08-03T15:12:20.604+0000] {manager.py:737} INFO - Searching for files in /opt/airflow/dags
[2024-08-03T15:12:20.619+0000] {manager.py:740} INFO - There are 1 files in /opt/airflow/dags
[2024-08-03T15:12:20.625+0000] {manager.py:740} INFO - There are 1 files in /opt/airflow/dags
[2024-08-03T15:12:30.860+0000] {manager.py:878} INFO - 
================================================================================
DAG File Processing Stats

File Path                           PID    Runtime      # DAGs    # Errors  Last Runtime    Last Run
----------------------------------  -----  ---------  --------  ----------  --------------  -------------------
/opt/airflow/dags/etl_toll_data.py                           1           0  0.19s           2024-08-03T15:12:25
================================================================================
[2024-08-03T15:12:30.866+0000] {manager.py:878} INFO - 
================================================================================
DAG File Processing Stats

File Path                           PID    Runtime      # DAGs    # Errors  Last Runtime    Last Run
----------------------------------  -----  ---------  --------  ----------  --------------  -------------------
/opt/airflow/dags/etl_toll_data.py                           1           0  0.18s           2024-08-03T15:12:25
================================================================================
[2024-08-03T15:13:01.319+0000] {manager.py:878} INFO - 
================================================================================
DAG File Processing Stats

File Path                           PID    Runtime      # DAGs    # Errors  Last Runtime    Last Run
----------------------------------  -----  ---------  --------  ----------  --------------  -------------------
/opt/airflow/dags/etl_toll_data.py                           1           0  0.19s           2024-08-03T15:12:56
================================================================================
[2024-08-03T15:13:01.319+0000] {manager.py:878} INFO - 
================================================================================
DAG File Processing Stats

File Path                           PID    Runtime      # DAGs    # Errors  Last Runtime    Last Run
----------------------------------  -----  ---------  --------  ----------  --------------  -------------------
/opt/airflow/dags/etl_toll_data.py                           1           0  0.20s           2024-08-03T15:12:56
================================================================================
[2024-08-03T15:13:31.775+0000] {manager.py:878} INFO - 
================================================================================
DAG File Processing Stats

File Path                           PID    Runtime      # DAGs    # Errors  Last Runtime    Last Run
----------------------------------  -----  ---------  --------  ----------  --------------  -------------------
/opt/airflow/dags/etl_toll_data.py                           1           0  0.18s           2024-08-03T15:13:26
================================================================================
[2024-08-03T15:13:31.775+0000] {manager.py:878} INFO - 
================================================================================
DAG File Processing Stats

File Path                           PID    Runtime      # DAGs    # Errors  Last Runtime    Last Run
----------------------------------  -----  ---------  --------  ----------  --------------  -------------------
/opt/airflow/dags/etl_toll_data.py                           1           0  0.19s           2024-08-03T15:13:26
================================================================================
[2024-08-03T15:14:02.190+0000] {manager.py:878} INFO - 
================================================================================
DAG File Processing Stats

File Path                           PID    Runtime      # DAGs    # Errors  Last Runtime    Last Run
----------------------------------  -----  ---------  --------  ----------  --------------  -------------------
/opt/airflow/dags/etl_toll_data.py                           1           0  0.16s           2024-08-03T15:13:57
================================================================================
[2024-08-03T15:14:02.190+0000] {manager.py:878} INFO - 
================================================================================
DAG File Processing Stats

File Path                           PID    Runtime      # DAGs    # Errors  Last Runtime    Last Run
----------------------------------  -----  ---------  --------  ----------  --------------  -------------------
/opt/airflow/dags/etl_toll_data.py                           1           0  0.18s           2024-08-03T15:13:57
================================================================================
[2024-08-03T15:14:32.670+0000] {manager.py:878} INFO - 
================================================================================
DAG File Processing Stats

File Path                           PID    Runtime      # DAGs    # Errors  Last Runtime    Last Run
----------------------------------  -----  ---------  --------  ----------  --------------  -------------------
/opt/airflow/dags/etl_toll_data.py                           1           0  0.19s           2024-08-03T15:14:27
================================================================================
[2024-08-03T15:14:32.670+0000] {manager.py:878} INFO - 
================================================================================
DAG File Processing Stats

File Path                           PID    Runtime      # DAGs    # Errors  Last Runtime    Last Run
----------------------------------  -----  ---------  --------  ----------  --------------  -------------------
/opt/airflow/dags/etl_toll_data.py                           1           0  0.20s           2024-08-03T15:14:27
================================================================================
[2024-08-03T15:15:03.107+0000] {manager.py:878} INFO - 
================================================================================
DAG File Processing Stats

File Path                           PID    Runtime      # DAGs    # Errors  Last Runtime    Last Run
----------------------------------  -----  ---------  --------  ----------  --------------  -------------------
/opt/airflow/dags/etl_toll_data.py                           1           0  0.17s           2024-08-03T15:14:58
================================================================================
[2024-08-03T15:15:03.107+0000] {manager.py:878} INFO - 
================================================================================
DAG File Processing Stats

File Path                           PID    Runtime      # DAGs    # Errors  Last Runtime    Last Run
----------------------------------  -----  ---------  --------  ----------  --------------  -------------------
/opt/airflow/dags/etl_toll_data.py                           1           0  0.18s           2024-08-03T15:14:58
================================================================================
[2024-08-03T15:15:33.441+0000] {manager.py:878} INFO - 
================================================================================
DAG File Processing Stats

File Path                           PID    Runtime      # DAGs    # Errors  Last Runtime    Last Run
----------------------------------  -----  ---------  --------  ----------  --------------  -------------------
/opt/airflow/dags/etl_toll_data.py                           1           0  0.18s           2024-08-03T15:15:28
================================================================================
[2024-08-03T15:15:33.441+0000] {manager.py:878} INFO - 
================================================================================
DAG File Processing Stats

File Path                           PID    Runtime      # DAGs    # Errors  Last Runtime    Last Run
----------------------------------  -----  ---------  --------  ----------  --------------  -------------------
/opt/airflow/dags/etl_toll_data.py                           1           0  0.17s           2024-08-03T15:15:28
================================================================================
[2024-08-03T15:16:03.882+0000] {manager.py:878} INFO - 
================================================================================
DAG File Processing Stats

File Path                           PID    Runtime      # DAGs    # Errors  Last Runtime    Last Run
----------------------------------  -----  ---------  --------  ----------  --------------  -------------------
/opt/airflow/dags/etl_toll_data.py                           1           0  0.18s           2024-08-03T15:15:58
================================================================================
[2024-08-03T15:16:03.882+0000] {manager.py:878} INFO - 
================================================================================
DAG File Processing Stats

File Path                           PID    Runtime      # DAGs    # Errors  Last Runtime    Last Run
----------------------------------  -----  ---------  --------  ----------  --------------  -------------------
/opt/airflow/dags/etl_toll_data.py                           1           0  0.20s           2024-08-03T15:15:58
================================================================================
[2024-08-03T15:16:34.335+0000] {manager.py:878} INFO - 
================================================================================
DAG File Processing Stats

File Path                           PID    Runtime      # DAGs    # Errors  Last Runtime    Last Run
----------------------------------  -----  ---------  --------  ----------  --------------  -------------------
/opt/airflow/dags/etl_toll_data.py                           1           0  0.19s           2024-08-03T15:16:29
================================================================================
[2024-08-03T15:16:34.335+0000] {manager.py:878} INFO - 
================================================================================
DAG File Processing Stats

File Path                           PID    Runtime      # DAGs    # Errors  Last Runtime    Last Run
----------------------------------  -----  ---------  --------  ----------  --------------  -------------------
/opt/airflow/dags/etl_toll_data.py                           1           0  0.18s           2024-08-03T15:16:29
================================================================================
[2024-08-03T15:17:04.811+0000] {manager.py:878} INFO - 
================================================================================
DAG File Processing Stats

File Path                           PID    Runtime      # DAGs    # Errors  Last Runtime    Last Run
----------------------------------  -----  ---------  --------  ----------  --------------  -------------------
/opt/airflow/dags/etl_toll_data.py                           1           0  0.17s           2024-08-03T15:16:59
================================================================================
[2024-08-03T15:17:04.811+0000] {manager.py:878} INFO - 
================================================================================
DAG File Processing Stats

File Path                           PID    Runtime      # DAGs    # Errors  Last Runtime    Last Run
----------------------------------  -----  ---------  --------  ----------  --------------  -------------------
/opt/airflow/dags/etl_toll_data.py                           1           0  0.19s           2024-08-03T15:16:59
================================================================================
[2024-08-03T15:17:20.966+0000] {manager.py:737} INFO - Searching for files in /opt/airflow/dags
[2024-08-03T15:17:20.967+0000] {manager.py:737} INFO - Searching for files in /opt/airflow/dags
[2024-08-03T15:17:20.978+0000] {manager.py:740} INFO - There are 1 files in /opt/airflow/dags
[2024-08-03T15:17:20.978+0000] {manager.py:740} INFO - There are 1 files in /opt/airflow/dags
[2024-08-03T15:17:35.278+0000] {manager.py:878} INFO - 
================================================================================
DAG File Processing Stats

File Path                           PID    Runtime      # DAGs    # Errors  Last Runtime    Last Run
----------------------------------  -----  ---------  --------  ----------  --------------  -------------------
/opt/airflow/dags/etl_toll_data.py                           1           0  0.20s           2024-08-03T15:17:30
================================================================================
[2024-08-03T15:17:35.279+0000] {manager.py:878} INFO - 
================================================================================
DAG File Processing Stats

File Path                           PID    Runtime      # DAGs    # Errors  Last Runtime    Last Run
----------------------------------  -----  ---------  --------  ----------  --------------  -------------------
/opt/airflow/dags/etl_toll_data.py                           1           0  0.18s           2024-08-03T15:17:30
================================================================================
[2024-08-03T15:18:05.736+0000] {manager.py:878} INFO - 
================================================================================
DAG File Processing Stats

File Path                           PID    Runtime      # DAGs    # Errors  Last Runtime    Last Run
----------------------------------  -----  ---------  --------  ----------  --------------  -------------------
/opt/airflow/dags/etl_toll_data.py                           1           0  0.19s           2024-08-03T15:18:00
================================================================================
[2024-08-03T15:18:05.736+0000] {manager.py:878} INFO - 
================================================================================
DAG File Processing Stats

File Path                           PID    Runtime      # DAGs    # Errors  Last Runtime    Last Run
----------------------------------  -----  ---------  --------  ----------  --------------  -------------------
/opt/airflow/dags/etl_toll_data.py                           1           0  0.18s           2024-08-03T15:18:00
================================================================================
[2024-08-03T15:18:36.227+0000] {manager.py:878} INFO - 
================================================================================
DAG File Processing Stats

File Path                           PID    Runtime      # DAGs    # Errors  Last Runtime    Last Run
----------------------------------  -----  ---------  --------  ----------  --------------  -------------------
/opt/airflow/dags/etl_toll_data.py                           1           0  0.22s           2024-08-03T15:18:31
================================================================================
[2024-08-03T15:18:36.232+0000] {manager.py:878} INFO - 
================================================================================
DAG File Processing Stats

File Path                           PID    Runtime      # DAGs    # Errors  Last Runtime    Last Run
----------------------------------  -----  ---------  --------  ----------  --------------  -------------------
/opt/airflow/dags/etl_toll_data.py                           1           0  0.20s           2024-08-03T15:18:31
================================================================================
[2024-08-03T15:19:06.597+0000] {manager.py:878} INFO - 
================================================================================
DAG File Processing Stats

File Path                           PID    Runtime      # DAGs    # Errors  Last Runtime    Last Run
----------------------------------  -----  ---------  --------  ----------  --------------  -------------------
/opt/airflow/dags/etl_toll_data.py                           1           0  0.18s           2024-08-03T15:19:01
================================================================================
[2024-08-03T15:19:06.597+0000] {manager.py:878} INFO - 
================================================================================
DAG File Processing Stats

File Path                           PID    Runtime      # DAGs    # Errors  Last Runtime    Last Run
----------------------------------  -----  ---------  --------  ----------  --------------  -------------------
/opt/airflow/dags/etl_toll_data.py                           1           0  0.19s           2024-08-03T15:19:01
================================================================================
[2024-08-03T15:19:37.022+0000] {manager.py:878} INFO - 
================================================================================
DAG File Processing Stats

File Path                           PID    Runtime      # DAGs    # Errors  Last Runtime    Last Run
----------------------------------  -----  ---------  --------  ----------  --------------  -------------------
/opt/airflow/dags/etl_toll_data.py                           1           0  0.21s           2024-08-03T15:19:32
================================================================================
[2024-08-03T15:19:37.025+0000] {manager.py:878} INFO - 
================================================================================
DAG File Processing Stats

File Path                           PID    Runtime      # DAGs    # Errors  Last Runtime    Last Run
----------------------------------  -----  ---------  --------  ----------  --------------  -------------------
/opt/airflow/dags/etl_toll_data.py                           1           0  0.20s           2024-08-03T15:19:32
================================================================================
[2024-08-03T15:20:07.491+0000] {manager.py:878} INFO - 
================================================================================
DAG File Processing Stats

File Path                           PID    Runtime      # DAGs    # Errors  Last Runtime    Last Run
----------------------------------  -----  ---------  --------  ----------  --------------  -------------------
/opt/airflow/dags/etl_toll_data.py                           1           0  0.17s           2024-08-03T15:20:02
================================================================================
[2024-08-03T15:20:07.491+0000] {manager.py:878} INFO - 
================================================================================
DAG File Processing Stats

File Path                           PID    Runtime      # DAGs    # Errors  Last Runtime    Last Run
----------------------------------  -----  ---------  --------  ----------  --------------  -------------------
/opt/airflow/dags/etl_toll_data.py                           1           0  0.18s           2024-08-03T15:20:02
================================================================================
[2024-08-03T15:20:37.929+0000] {manager.py:878} INFO - 
================================================================================
DAG File Processing Stats

File Path                           PID    Runtime      # DAGs    # Errors  Last Runtime    Last Run
----------------------------------  -----  ---------  --------  ----------  --------------  -------------------
/opt/airflow/dags/etl_toll_data.py                           1           0  0.15s           2024-08-03T15:20:32
================================================================================
[2024-08-03T15:20:37.929+0000] {manager.py:878} INFO - 
================================================================================
DAG File Processing Stats

File Path                           PID    Runtime      # DAGs    # Errors  Last Runtime    Last Run
----------------------------------  -----  ---------  --------  ----------  --------------  -------------------
/opt/airflow/dags/etl_toll_data.py                           1           0  0.17s           2024-08-03T15:20:32
================================================================================
[2024-08-03T15:21:08.325+0000] {manager.py:878} INFO - 
================================================================================
DAG File Processing Stats

File Path                           PID    Runtime      # DAGs    # Errors  Last Runtime    Last Run
----------------------------------  -----  ---------  --------  ----------  --------------  -------------------
/opt/airflow/dags/etl_toll_data.py                           1           0  0.18s           2024-08-03T15:21:03
================================================================================
[2024-08-03T15:21:08.325+0000] {manager.py:878} INFO - 
================================================================================
DAG File Processing Stats

File Path                           PID    Runtime      # DAGs    # Errors  Last Runtime    Last Run
----------------------------------  -----  ---------  --------  ----------  --------------  -------------------
/opt/airflow/dags/etl_toll_data.py                           1           0  0.17s           2024-08-03T15:21:03
================================================================================
[2024-08-03T15:21:38.798+0000] {manager.py:878} INFO - 
================================================================================
DAG File Processing Stats

File Path                           PID    Runtime      # DAGs    # Errors  Last Runtime    Last Run
----------------------------------  -----  ---------  --------  ----------  --------------  -------------------
/opt/airflow/dags/etl_toll_data.py                           1           0  0.18s           2024-08-03T15:21:33
================================================================================
[2024-08-03T15:21:38.798+0000] {manager.py:878} INFO - 
================================================================================
DAG File Processing Stats

File Path                           PID    Runtime      # DAGs    # Errors  Last Runtime    Last Run
----------------------------------  -----  ---------  --------  ----------  --------------  -------------------
/opt/airflow/dags/etl_toll_data.py                           1           0  0.19s           2024-08-03T15:21:33
================================================================================
[2024-08-03T15:22:09.225+0000] {manager.py:878} INFO - 
================================================================================
DAG File Processing Stats

File Path                           PID    Runtime      # DAGs    # Errors  Last Runtime    Last Run
----------------------------------  -----  ---------  --------  ----------  --------------  -------------------
/opt/airflow/dags/etl_toll_data.py                           1           0  0.18s           2024-08-03T15:22:04
================================================================================
[2024-08-03T15:22:09.225+0000] {manager.py:878} INFO - 
================================================================================
DAG File Processing Stats

File Path                           PID    Runtime      # DAGs    # Errors  Last Runtime    Last Run
----------------------------------  -----  ---------  --------  ----------  --------------  -------------------
/opt/airflow/dags/etl_toll_data.py                           1           0  0.17s           2024-08-03T15:22:04
================================================================================
[2024-08-03T15:22:21.367+0000] {manager.py:737} INFO - Searching for files in /opt/airflow/dags
[2024-08-03T15:22:21.367+0000] {manager.py:737} INFO - Searching for files in /opt/airflow/dags
[2024-08-03T15:22:21.385+0000] {manager.py:740} INFO - There are 1 files in /opt/airflow/dags
[2024-08-03T15:22:21.385+0000] {manager.py:740} INFO - There are 1 files in /opt/airflow/dags
[2024-08-03T15:22:39.672+0000] {manager.py:878} INFO - 
================================================================================
DAG File Processing Stats

File Path                           PID    Runtime      # DAGs    # Errors  Last Runtime    Last Run
----------------------------------  -----  ---------  --------  ----------  --------------  -------------------
/opt/airflow/dags/etl_toll_data.py                           1           0  0.16s           2024-08-03T15:22:34
================================================================================
[2024-08-03T15:22:39.673+0000] {manager.py:878} INFO - 
================================================================================
DAG File Processing Stats

File Path                           PID    Runtime      # DAGs    # Errors  Last Runtime    Last Run
----------------------------------  -----  ---------  --------  ----------  --------------  -------------------
/opt/airflow/dags/etl_toll_data.py                           1           0  0.15s           2024-08-03T15:22:34
================================================================================
[2024-08-03T15:23:10.110+0000] {manager.py:878} INFO - 
================================================================================
DAG File Processing Stats

File Path                           PID    Runtime      # DAGs    # Errors  Last Runtime    Last Run
----------------------------------  -----  ---------  --------  ----------  --------------  -------------------
/opt/airflow/dags/etl_toll_data.py                           1           0  0.18s           2024-08-03T15:23:05
================================================================================
[2024-08-03T15:23:10.111+0000] {manager.py:878} INFO - 
================================================================================
DAG File Processing Stats

File Path                           PID    Runtime      # DAGs    # Errors  Last Runtime    Last Run
----------------------------------  -----  ---------  --------  ----------  --------------  -------------------
/opt/airflow/dags/etl_toll_data.py                           1           0  0.17s           2024-08-03T15:23:05
================================================================================
[2024-08-03T15:23:40.553+0000] {manager.py:878} INFO - 
================================================================================
DAG File Processing Stats

File Path                           PID    Runtime      # DAGs    # Errors  Last Runtime    Last Run
----------------------------------  -----  ---------  --------  ----------  --------------  -------------------
/opt/airflow/dags/etl_toll_data.py                           1           0  0.18s           2024-08-03T15:23:35
================================================================================
[2024-08-03T15:23:40.563+0000] {manager.py:878} INFO - 
================================================================================
DAG File Processing Stats

File Path                           PID    Runtime      # DAGs    # Errors  Last Runtime    Last Run
----------------------------------  -----  ---------  --------  ----------  --------------  -------------------
/opt/airflow/dags/etl_toll_data.py                           1           0  0.18s           2024-08-03T15:23:35
================================================================================
[2024-08-03T15:24:10.990+0000] {manager.py:878} INFO - 
================================================================================
DAG File Processing Stats

File Path                           PID    Runtime      # DAGs    # Errors  Last Runtime    Last Run
----------------------------------  -----  ---------  --------  ----------  --------------  -------------------
/opt/airflow/dags/etl_toll_data.py                           1           0  0.19s           2024-08-03T15:24:06
================================================================================
[2024-08-03T15:24:10.992+0000] {manager.py:878} INFO - 
================================================================================
DAG File Processing Stats

File Path                           PID    Runtime      # DAGs    # Errors  Last Runtime    Last Run
----------------------------------  -----  ---------  --------  ----------  --------------  -------------------
/opt/airflow/dags/etl_toll_data.py                           1           0  0.20s           2024-08-03T15:24:06
================================================================================
[2024-08-03T15:24:41.441+0000] {manager.py:878} INFO - 
================================================================================
DAG File Processing Stats

File Path                           PID    Runtime      # DAGs    # Errors  Last Runtime    Last Run
----------------------------------  -----  ---------  --------  ----------  --------------  -------------------
/opt/airflow/dags/etl_toll_data.py                           1           0  0.17s           2024-08-03T15:24:36
================================================================================
[2024-08-03T15:24:41.442+0000] {manager.py:878} INFO - 
================================================================================
DAG File Processing Stats

File Path                           PID    Runtime      # DAGs    # Errors  Last Runtime    Last Run
----------------------------------  -----  ---------  --------  ----------  --------------  -------------------
/opt/airflow/dags/etl_toll_data.py                           1           0  0.18s           2024-08-03T15:24:36
================================================================================
[2024-08-03T15:25:11.846+0000] {manager.py:878} INFO - 
================================================================================
DAG File Processing Stats

File Path                           PID    Runtime      # DAGs    # Errors  Last Runtime    Last Run
----------------------------------  -----  ---------  --------  ----------  --------------  -------------------
/opt/airflow/dags/etl_toll_data.py                           1           0  0.14s           2024-08-03T15:25:06
================================================================================
[2024-08-03T15:25:11.846+0000] {manager.py:878} INFO - 
================================================================================
DAG File Processing Stats

File Path                           PID    Runtime      # DAGs    # Errors  Last Runtime    Last Run
----------------------------------  -----  ---------  --------  ----------  --------------  -------------------
/opt/airflow/dags/etl_toll_data.py                           1           0  0.17s           2024-08-03T15:25:06
================================================================================
[2024-08-03T15:25:42.335+0000] {manager.py:878} INFO - 
================================================================================
DAG File Processing Stats

File Path                           PID    Runtime      # DAGs    # Errors  Last Runtime    Last Run
----------------------------------  -----  ---------  --------  ----------  --------------  -------------------
/opt/airflow/dags/etl_toll_data.py                           1           0  0.22s           2024-08-03T15:25:37
================================================================================
[2024-08-03T15:25:42.335+0000] {manager.py:878} INFO - 
================================================================================
DAG File Processing Stats

File Path                           PID    Runtime      # DAGs    # Errors  Last Runtime    Last Run
----------------------------------  -----  ---------  --------  ----------  --------------  -------------------
/opt/airflow/dags/etl_toll_data.py                           1           0  0.21s           2024-08-03T15:25:37
================================================================================
[2024-08-03T15:26:12.755+0000] {manager.py:878} INFO - 
================================================================================
DAG File Processing Stats

File Path                           PID    Runtime      # DAGs    # Errors  Last Runtime    Last Run
----------------------------------  -----  ---------  --------  ----------  --------------  -------------------
/opt/airflow/dags/etl_toll_data.py                           1           0  0.18s           2024-08-03T15:26:07
================================================================================
[2024-08-03T15:26:12.761+0000] {manager.py:878} INFO - 
================================================================================
DAG File Processing Stats

File Path                           PID    Runtime      # DAGs    # Errors  Last Runtime    Last Run
----------------------------------  -----  ---------  --------  ----------  --------------  -------------------
/opt/airflow/dags/etl_toll_data.py                           1           0  0.19s           2024-08-03T15:26:07
================================================================================
[2024-08-03T15:26:43.222+0000] {manager.py:878} INFO - 
================================================================================
DAG File Processing Stats

File Path                           PID    Runtime      # DAGs    # Errors  Last Runtime    Last Run
----------------------------------  -----  ---------  --------  ----------  --------------  -------------------
/opt/airflow/dags/etl_toll_data.py                           1           0  0.19s           2024-08-03T15:26:38
================================================================================
[2024-08-03T15:26:43.223+0000] {manager.py:878} INFO - 
================================================================================
DAG File Processing Stats

File Path                           PID    Runtime      # DAGs    # Errors  Last Runtime    Last Run
----------------------------------  -----  ---------  --------  ----------  --------------  -------------------
/opt/airflow/dags/etl_toll_data.py                           1           0  0.16s           2024-08-03T15:26:38
================================================================================
[2024-08-03T15:29:39.599+0000] {manager.py:737} INFO - Searching for files in /opt/airflow/dags
[2024-08-03T15:29:39.601+0000] {manager.py:737} INFO - Searching for files in /opt/airflow/dags
[2024-08-03T15:29:39.630+0000] {manager.py:740} INFO - There are 1 files in /opt/airflow/dags
[2024-08-03T15:29:39.631+0000] {manager.py:740} INFO - There are 1 files in /opt/airflow/dags
[2024-08-03T15:30:03.018+0000] {manager.py:878} INFO - 
================================================================================
DAG File Processing Stats

File Path                           PID    Runtime      # DAGs    # Errors  Last Runtime    Last Run
----------------------------------  -----  ---------  --------  ----------  --------------  -------------------
/opt/airflow/dags/etl_toll_data.py                           1           0  0.16s           2024-08-03T15:29:39
================================================================================
[2024-08-03T15:30:03.021+0000] {manager.py:878} INFO - 
================================================================================
DAG File Processing Stats

File Path                           PID    Runtime      # DAGs    # Errors  Last Runtime    Last Run
----------------------------------  -----  ---------  --------  ----------  --------------  -------------------
/opt/airflow/dags/etl_toll_data.py                           1           0  0.18s           2024-08-03T15:29:39
================================================================================
[2024-08-03T15:30:33.562+0000] {manager.py:878} INFO - 
================================================================================
DAG File Processing Stats

File Path                           PID    Runtime      # DAGs    # Errors  Last Runtime    Last Run
----------------------------------  -----  ---------  --------  ----------  --------------  -------------------
/opt/airflow/dags/etl_toll_data.py                           1           0  0.15s           2024-08-03T15:30:10
================================================================================
[2024-08-03T15:30:33.578+0000] {manager.py:878} INFO - 
================================================================================
DAG File Processing Stats

File Path                           PID    Runtime      # DAGs    # Errors  Last Runtime    Last Run
----------------------------------  -----  ---------  --------  ----------  --------------  -------------------
/opt/airflow/dags/etl_toll_data.py                           1           0  0.17s           2024-08-03T15:30:10
================================================================================
[2024-08-03T15:31:04.030+0000] {manager.py:878} INFO - 
================================================================================
DAG File Processing Stats

File Path                           PID    Runtime      # DAGs    # Errors  Last Runtime    Last Run
----------------------------------  -----  ---------  --------  ----------  --------------  -------------------
/opt/airflow/dags/etl_toll_data.py                           1           0  0.20s           2024-08-03T15:30:40
================================================================================
[2024-08-03T15:31:04.077+0000] {manager.py:878} INFO - 
================================================================================
DAG File Processing Stats

File Path                           PID    Runtime      # DAGs    # Errors  Last Runtime    Last Run
----------------------------------  -----  ---------  --------  ----------  --------------  -------------------
/opt/airflow/dags/etl_toll_data.py                           1           0  0.21s           2024-08-03T15:30:40
================================================================================
[2024-08-03T15:31:34.495+0000] {manager.py:878} INFO - 
================================================================================
DAG File Processing Stats

File Path                           PID    Runtime      # DAGs    # Errors  Last Runtime    Last Run
----------------------------------  -----  ---------  --------  ----------  --------------  -------------------
/opt/airflow/dags/etl_toll_data.py                           1           0  0.19s           2024-08-03T15:31:11
================================================================================
[2024-08-03T15:31:34.495+0000] {manager.py:878} INFO - 
================================================================================
DAG File Processing Stats

File Path                           PID    Runtime      # DAGs    # Errors  Last Runtime    Last Run
----------------------------------  -----  ---------  --------  ----------  --------------  -------------------
/opt/airflow/dags/etl_toll_data.py                           1           0  0.19s           2024-08-03T15:31:11
================================================================================
[2024-08-03T15:32:04.921+0000] {manager.py:878} INFO - 
================================================================================
DAG File Processing Stats

File Path                           PID    Runtime      # DAGs    # Errors  Last Runtime    Last Run
----------------------------------  -----  ---------  --------  ----------  --------------  -------------------
/opt/airflow/dags/etl_toll_data.py                           1           0  0.24s           2024-08-03T15:31:41
================================================================================
[2024-08-03T15:32:04.921+0000] {manager.py:878} INFO - 
================================================================================
DAG File Processing Stats

File Path                           PID    Runtime      # DAGs    # Errors  Last Runtime    Last Run
----------------------------------  -----  ---------  --------  ----------  --------------  -------------------
/opt/airflow/dags/etl_toll_data.py                           1           0  0.22s           2024-08-03T15:31:41
================================================================================
[2024-08-03T15:32:35.442+0000] {manager.py:878} INFO - 
================================================================================
DAG File Processing Stats

File Path                           PID    Runtime      # DAGs    # Errors  Last Runtime    Last Run
----------------------------------  -----  ---------  --------  ----------  --------------  -------------------
/opt/airflow/dags/etl_toll_data.py                           1           0  0.19s           2024-08-03T15:32:12
================================================================================
[2024-08-03T15:32:35.442+0000] {manager.py:878} INFO - 
================================================================================
DAG File Processing Stats

File Path                           PID    Runtime      # DAGs    # Errors  Last Runtime    Last Run
----------------------------------  -----  ---------  --------  ----------  --------------  -------------------
/opt/airflow/dags/etl_toll_data.py                           1           0  0.20s           2024-08-03T15:32:12
================================================================================
[2024-08-03T15:33:05.919+0000] {manager.py:878} INFO - 
================================================================================
DAG File Processing Stats

File Path                           PID    Runtime      # DAGs    # Errors  Last Runtime    Last Run
----------------------------------  -----  ---------  --------  ----------  --------------  -------------------
/opt/airflow/dags/etl_toll_data.py                           1           0  0.17s           2024-08-03T15:32:42
================================================================================
[2024-08-03T15:33:05.920+0000] {manager.py:878} INFO - 
================================================================================
DAG File Processing Stats

File Path                           PID    Runtime      # DAGs    # Errors  Last Runtime    Last Run
----------------------------------  -----  ---------  --------  ----------  --------------  -------------------
/opt/airflow/dags/etl_toll_data.py                           1           0  0.16s           2024-08-03T15:32:42
================================================================================
