[2024-08-03T15:08:04.238+0000] {local_task_job_runner.py:120} INFO - ::group::Pre task execution logs
[2024-08-03T15:08:04.269+0000] {taskinstance.py:2076} INFO - Dependencies all met for dep_context=non-requeueable deps ti=<TaskInstance: etl_toll_data.extract_data_from_csv manual__2024-08-03T15:08:03.482013+00:00 [queued]>
[2024-08-03T15:08:04.285+0000] {taskinstance.py:2076} INFO - Dependencies all met for dep_context=requeueable deps ti=<TaskInstance: etl_toll_data.extract_data_from_csv manual__2024-08-03T15:08:03.482013+00:00 [queued]>
[2024-08-03T15:08:04.286+0000] {taskinstance.py:2306} INFO - Starting attempt 1 of 2
[2024-08-03T15:08:04.298+0000] {taskinstance.py:2330} INFO - Executing <Task(BashOperator): extract_data_from_csv> on 2024-08-03 15:08:03.482013+00:00
[2024-08-03T15:08:04.304+0000] {standard_task_runner.py:64} INFO - Started process 313 to run task
[2024-08-03T15:08:04.310+0000] {standard_task_runner.py:90} INFO - Running: ['***', 'tasks', 'run', 'etl_toll_data', 'extract_data_from_csv', 'manual__2024-08-03T15:08:03.482013+00:00', '--job-id', '5', '--raw', '--subdir', 'DAGS_FOLDER/etl_toll_data.py', '--cfg-path', '/tmp/tmp1j73uax3']
[2024-08-03T15:08:04.312+0000] {standard_task_runner.py:91} INFO - Job 5: Subtask extract_data_from_csv
[2024-08-03T15:08:04.381+0000] {task_command.py:426} INFO - Running <TaskInstance: etl_toll_data.extract_data_from_csv manual__2024-08-03T15:08:03.482013+00:00 [running]> on host webserver
[2024-08-03T15:08:04.491+0000] {taskinstance.py:2648} INFO - Exporting env vars: AIRFLOW_CTX_DAG_EMAIL='grzaini@gmail.com' AIRFLOW_CTX_DAG_OWNER='zaini' AIRFLOW_CTX_DAG_ID='etl_toll_data' AIRFLOW_CTX_TASK_ID='extract_data_from_csv' AIRFLOW_CTX_EXECUTION_DATE='2024-08-03T15:08:03.482013+00:00' AIRFLOW_CTX_TRY_NUMBER='1' AIRFLOW_CTX_DAG_RUN_ID='manual__2024-08-03T15:08:03.482013+00:00'
[2024-08-03T15:08:04.493+0000] {taskinstance.py:430} INFO - ::endgroup::
[2024-08-03T15:08:04.550+0000] {subprocess.py:63} INFO - Tmp dir root location: /tmp
[2024-08-03T15:08:04.551+0000] {subprocess.py:75} INFO - Running command: ['/usr/bin/bash', '-c', 'cut -d, -f1,2,3,4 /opt/***/data/tolldata/vehicle-data.csv > /opt/***/data/csv_data.csv']
[2024-08-03T15:08:04.558+0000] {subprocess.py:86} INFO - Output:
[2024-08-03T15:08:04.582+0000] {subprocess.py:97} INFO - Command exited with return code 0
[2024-08-03T15:08:04.583+0000] {taskinstance.py:441} INFO - ::group::Post task execution logs
[2024-08-03T15:08:04.609+0000] {taskinstance.py:1206} INFO - Marking task as SUCCESS. dag_id=etl_toll_data, task_id=extract_data_from_csv, run_id=manual__2024-08-03T15:08:03.482013+00:00, execution_date=20240803T150803, start_date=20240803T150804, end_date=20240803T150804
[2024-08-03T15:08:04.657+0000] {local_task_job_runner.py:243} INFO - Task exited with return code 0
[2024-08-03T15:08:04.674+0000] {taskinstance.py:3503} INFO - 1 downstream tasks scheduled from follow-on schedule check
[2024-08-03T15:08:04.675+0000] {local_task_job_runner.py:222} INFO - ::endgroup::
