[2024-08-03T15:08:05.960+0000] {local_task_job_runner.py:120} INFO - ::group::Pre task execution logs
[2024-08-03T15:08:05.988+0000] {taskinstance.py:2076} INFO - Dependencies all met for dep_context=non-requeueable deps ti=<TaskInstance: etl_toll_data.transform_data manual__2024-08-03T15:08:03.482013+00:00 [queued]>
[2024-08-03T15:08:05.995+0000] {taskinstance.py:2076} INFO - Dependencies all met for dep_context=requeueable deps ti=<TaskInstance: etl_toll_data.transform_data manual__2024-08-03T15:08:03.482013+00:00 [queued]>
[2024-08-03T15:08:05.996+0000] {taskinstance.py:2306} INFO - Starting attempt 1 of 2
[2024-08-03T15:08:06.005+0000] {taskinstance.py:2330} INFO - Executing <Task(BashOperator): transform_data> on 2024-08-03 15:08:03.482013+00:00
[2024-08-03T15:08:06.008+0000] {standard_task_runner.py:64} INFO - Started process 317 to run task
[2024-08-03T15:08:06.010+0000] {standard_task_runner.py:90} INFO - Running: ['***', 'tasks', 'run', 'etl_toll_data', 'transform_data', 'manual__2024-08-03T15:08:03.482013+00:00', '--job-id', '7', '--raw', '--subdir', 'DAGS_FOLDER/etl_toll_data.py', '--cfg-path', '/tmp/tmpjnio8rz4']
[2024-08-03T15:08:06.011+0000] {standard_task_runner.py:91} INFO - Job 7: Subtask transform_data
[2024-08-03T15:08:06.040+0000] {task_command.py:426} INFO - Running <TaskInstance: etl_toll_data.transform_data manual__2024-08-03T15:08:03.482013+00:00 [running]> on host webserver
[2024-08-03T15:08:06.096+0000] {taskinstance.py:2648} INFO - Exporting env vars: AIRFLOW_CTX_DAG_EMAIL='grzaini@gmail.com' AIRFLOW_CTX_DAG_OWNER='zaini' AIRFLOW_CTX_DAG_ID='etl_toll_data' AIRFLOW_CTX_TASK_ID='transform_data' AIRFLOW_CTX_EXECUTION_DATE='2024-08-03T15:08:03.482013+00:00' AIRFLOW_CTX_TRY_NUMBER='1' AIRFLOW_CTX_DAG_RUN_ID='manual__2024-08-03T15:08:03.482013+00:00'
[2024-08-03T15:08:06.097+0000] {taskinstance.py:430} INFO - ::endgroup::
[2024-08-03T15:08:06.112+0000] {subprocess.py:63} INFO - Tmp dir root location: /tmp
[2024-08-03T15:08:06.113+0000] {subprocess.py:75} INFO - Running command: ['/usr/bin/bash', '-c', 'awk \'BEGIN {FS=OFS", "} {$4 = toupper($4)} 1\' /opt/***/data/extracted_data.csv > /opt/***/data/transformed_data.csv']
[2024-08-03T15:08:06.118+0000] {subprocess.py:86} INFO - Output:
[2024-08-03T15:08:06.136+0000] {subprocess.py:97} INFO - Command exited with return code 0
[2024-08-03T15:08:06.137+0000] {taskinstance.py:441} INFO - ::group::Post task execution logs
[2024-08-03T15:08:06.157+0000] {taskinstance.py:1206} INFO - Marking task as SUCCESS. dag_id=etl_toll_data, task_id=transform_data, run_id=manual__2024-08-03T15:08:03.482013+00:00, execution_date=20240803T150803, start_date=20240803T150805, end_date=20240803T150806
[2024-08-03T15:08:06.190+0000] {local_task_job_runner.py:243} INFO - Task exited with return code 0
[2024-08-03T15:08:06.208+0000] {taskinstance.py:3503} INFO - 0 downstream tasks scheduled from follow-on schedule check
[2024-08-03T15:08:06.210+0000] {local_task_job_runner.py:222} INFO - ::endgroup::
